#
#This file auto-generated by PCGen. Manual editing not recommended.
#Ensure PCGen is not running before editing. Make backups as errors may result in data loss.
#
# Point-buy ability score costs
#
STAT:7		COST:-4
STAT:8		COST:-2
STAT:9		COST:-1
STAT:10		COST:0
STAT:11		COST:1
STAT:12		COST:2
STAT:13		COST:3
STAT:14		COST:5
STAT:15		COST:7
STAT:16		COST:10
STAT:17		COST:13
STAT:18		COST:17
#
# Point-buy methods
#
METHOD:Epic Fantasy		POINTS:25
METHOD:High Fantasy		POINTS:20
METHOD:Low Fantasy		POINTS:10
METHOD:Powerful NPC		POINTS:30
METHOD:Standard Fantasy		POINTS:15
