#This file auto-generated by PCGen. Manual editing not recommended.
#Ensure PCGen is not running before editing. Make backups as errors may result in data loss.
BASEITEM:Chain Shirt	NAME:+2 Chain Shirt (Mithral)	EQMOD:PLUS2A.Mithral (Light Armor).STEEL
BASEITEM:Sword (Bastard)	NAME:+3 Sword, Bastard (Speed)	KEY:+3 Sword (Bastard/Speed)	EQMOD:STEEL.PLUS3W.Speed
BASEITEM:Crossbow (Light)	NAME:Crossbow, Light (Small)	KEY:AUTOSIZESCrossbow (Light)	SIZE:S	EQMOD:WOOD
BASEITEM:Dagger	NAME:Dagger (Small)	KEY:AUTOSIZESDagger	SIZE:S	EQMOD:STEEL
BASEITEM:Longsword	NAME:Longsword (Small)	KEY:AUTOSIZESLongsword	SIZE:S	EQMOD:STEEL
BASEITEM:Sack	NAME:Sack (Small)	KEY:AUTOSIZESSack	SIZE:S
BASEITEM:Sap	NAME:Sap (Small)	KEY:AUTOSIZESSap	SIZE:S	EQMOD:NONLETHAL
BASEITEM:Art	NAME:Block of Obsidian	EQMOD:ADDTYPE|General._WEIGHTADD|7	SPROP:(Art (General))	COSTMOD:200.0
BASEITEM:Cloak	NAME:Blue Cloak (Iona)	SPROP:(Cloak), (Cloak)
BASEITEM:Chain Shirt	NAME:Chain Shirt +1 (Deathless)	EQMOD:STEEL.PLUS1A
BASEITEM:Chain Shirt	NAME:Chain Shirt +1 (Small)	SIZE:S	EQMOD:STEEL.PLUS1A._WEIGHTADD|-5,0
BASEITEM:Cloak	NAME:Cloak (CON +2)	EQMOD:BNS_ENHC_AB|CON=+2
BASEITEM:Headband of Mental Superiority +2	NAME:Crown of Thorns	SPROP:(Headband of Mental Superiority +2)
BASEITEM:Art	NAME:Dragon Tooth	EQMOD:ADDTYPE|Animal._WEIGHTADD|2	COSTMOD:100.0
BASEITEM:Mace (Light)	NAME:Frying Pan	EQMOD:STEEL._WEIGHTADD|6,0	SPROP:(Mace, Light)	COSTMOD:5.0
BASEITEM:Full Plate	NAME:Full Plate +1	EQMOD:STEEL.PLUS1A
BASEITEM:Full Plate	NAME:King Grimgar's Armor	EQMOD:PLUS3A.Legendary Item.Legendary Item ~ Intelligent Item.Legendary Item ~ Intelligent Item ~ Alignment / Lawful Neutral.SPIKE_A.BNS_SKL_CMP|Stealth=+3.STEEL	SPROP:(+3 Full Plate (Legendary/Intelligent/Armor Spikes)), (+3 Full Plate ( Skill Bonus (Competence) (Stealth +3)/Frost-Forged Steel/Legendary/Intelligent/Armor Spikes))
BASEITEM:Curve Blade (Elven)	NAME:Legendary +2 Elven Curve Blade	EQMOD:STEEL.PLUS2W.Legendary Item.Legendary Item ~ Intelligent Item.Legendary Item ~ Intelligent Item ~ Alignment / Chaotic Good.CRRSVE_BRST_M	SPROP:(+2 Curve Blade, Elven (Corrosive Burst/Legendary/Intelligent))
BASEITEM:Longsword	NAME:Longsword +2 (Glorious)	EQMOD:STEEL.PLUS2W
BASEITEM:Buckler	NAME:Masterwork Buckler	EQMOD:STEEL.MWORKA
BASEITEM:Crossbow (Heavy)	NAME:Masterwork Crossbow, Heavy	KEY:Masterwork Crossbow (Heavy)	EQMOD:WOOD.MWORKW
BASEITEM:Scimitar	NAME:Masterwork Cutlass	EQMOD:STEEL.ADDTYPE|Masterwork	SPROP:(Scimitar (Masterwork))
BASEITEM:Dagger	NAME:Masterwork Dagger	EQMOD:STEEL.ADDTYPE|Masterwork	SPROP:+% to melee attacks from Swashbuckler's Finesse [not reflected on combat block]|SwashbucklersFinesseToHit, (Dagger (Masterwork))
BASEITEM:Scale Mail	NAME:Masterwork Scale Mail	EQMOD:STEEL.MWORKA
BASEITEM:Scimitar	NAME:Masterwork Scimitar	EQMOD:STEEL.ADDTYPE|Masterwork	SPROP:(Scimitar (Masterwork))
BASEITEM:Mithral Shirt	NAME:Mithral Shirt +2 (DEX +2)	EQMOD:MITHRAL_ARMR_LT.PLUS2A.BNS_ENHC_AB|DEX=+2
BASEITEM:Musical Instrument (Lute/Masterwork)	NAME:Musical Instrument (Lute/Masterwork/CHA +2)	EQMOD:MWORKT.BNS_ENHC_AB|CHA=+2
BASEITEM:Art	NAME:My Journeys with Aroden	EQMOD:ADDTYPE|Book._WEIGHTADD|1	SPROP:(Art (Book))	COSTMOD:350.0
BASEITEM:Sword (Short)	NAME:Obsidian Short Sword	EQMOD:OBSIDIAN.STEEL._WEIGHTADD|-0,5	SPROP:Fragile, 1/2 hardness	COSTMOD:295.0
BASEITEM:Outfit (Peasant's)	NAME:Outfit (Peasant's/Small)	KEY:Outfit (Peasant_s/Small)	SIZE:S	COSTMOD:-0.1
BASEITEM:Hat	NAME:Plume of (No) Panache
BASEITEM:Rapier	NAME:Rapier (Legendary/Upgradable)	EQMOD:STEEL.PLUS1W.Frost
BASEITEM:Rapier	NAME:Rapier +1 (Corrosive)	EQMOD:STEEL.PLUS1W.CRRSVE
BASEITEM:Rapier	NAME:Rapier +2 (Corrosive/Legendary/Intelligent)	EQMOD:STEEL.CRRSVE.PLUS2W
BASEITEM:Ring	NAME:Ring (Reduce Person/Wizard/1st)	EQMOD:SPL_CMD|SPELLNAME[Reduce Person] CASTER[Wizard] SPELLTYPE[Arcane] SPELLLEVEL[1] CASTERLEVEL[1]
BASEITEM:Ring	NAME:Ring of Reduce Person	EQMOD:SPL_CMD|SPELLNAME[Reduce Person] CASTER[Wizard] SPELLTYPE[Arcane] SPELLLEVEL[1] CASTERLEVEL[1]	SPROP:(Ring (Reduce Person/Wizard/1st))
BASEITEM:Musical Instrument (Trumpet/Masterwork)	NAME:Sexyphone +	SIZE:S	EQMOD:MWORKT	SPROP:(Musical Instrument (Trumpet/Masterwork/Small))
BASEITEM:Shield (Heavy/Steel)	NAME:Shield, Heavy Steel +1	KEY:Shield +1 (Heavy/Steel)	EQMOD:STEEL.PLUS1S
BASEITEM:Ring	NAME:Silver Ring (Iona)	SPROP:(Ring)
BASEITEM:Art	NAME:Stuffed Dog	EQMOD:ADDTYPE|Art	SPROP:(Art (Art))
BASEITEM:Tattoo Head	NAME:Tattoo Head (Elven)	EQMOD:ADDTYPE|Elven
BASEITEM:Cloak	NAME:Urgathoan Robe	EQMOD:BNS_SKL_CMP|Disguise=+2._WEIGHTADD|1	COSTMOD:-250.0
